[2017-07-04 11:43:24,752] INFO Reading configuration from: kafka/config/zookeeper.properties (org.apache.zookeeper.server.quorum.QuorumPeerConfig)
[2017-07-04 11:43:24,756] INFO autopurge.snapRetainCount set to 3 (org.apache.zookeeper.server.DatadirCleanupManager)
[2017-07-04 11:43:24,756] INFO autopurge.purgeInterval set to 0 (org.apache.zookeeper.server.DatadirCleanupManager)
[2017-07-04 11:43:24,756] INFO Purge task is not scheduled. (org.apache.zookeeper.server.DatadirCleanupManager)
[2017-07-04 11:43:24,756] WARN Either no config or no quorum defined in config, running  in standalone mode (org.apache.zookeeper.server.quorum.QuorumPeerMain)
[2017-07-04 11:43:24,787] INFO Reading configuration from: kafka/config/zookeeper.properties (org.apache.zookeeper.server.quorum.QuorumPeerConfig)
[2017-07-04 11:43:24,787] INFO Starting server (org.apache.zookeeper.server.ZooKeeperServerMain)
[2017-07-04 11:43:24,878] INFO Server environment:zookeeper.version=3.4.9-1757313, built on 08/23/2016 06:50 GMT (org.apache.zookeeper.server.ZooKeeperServer)
[2017-07-04 11:43:24,878] INFO Server environment:host.name=macbook-pro-max.dlink (org.apache.zookeeper.server.ZooKeeperServer)
[2017-07-04 11:43:24,879] INFO Server environment:java.version=1.8.0_121 (org.apache.zookeeper.server.ZooKeeperServer)
[2017-07-04 11:43:24,888] INFO Server environment:java.vendor=Oracle Corporation (org.apache.zookeeper.server.ZooKeeperServer)
[2017-07-04 11:43:24,888] INFO Server environment:java.home=/Library/Java/JavaVirtualMachines/jdk1.8.0_121.jdk/Contents/Home/jre (org.apache.zookeeper.server.ZooKeeperServer)
[2017-07-04 11:43:24,911] INFO Server environment:java.class.path=:/Users/max/IdeaProjects/social/social-frontend/scripts/kafka/bin/../libs/aopalliance-repackaged-2.5.0-b05.jar:/Users/max/IdeaProjects/social/social-frontend/scripts/kafka/bin/../libs/argparse4j-0.7.0.jar:/Users/max/IdeaProjects/social/social-frontend/scripts/kafka/bin/../libs/connect-api-0.10.2.1.jar:/Users/max/IdeaProjects/social/social-frontend/scripts/kafka/bin/../libs/connect-file-0.10.2.1.jar:/Users/max/IdeaProjects/social/social-frontend/scripts/kafka/bin/../libs/connect-json-0.10.2.1.jar:/Users/max/IdeaProjects/social/social-frontend/scripts/kafka/bin/../libs/connect-runtime-0.10.2.1.jar:/Users/max/IdeaProjects/social/social-frontend/scripts/kafka/bin/../libs/connect-transforms-0.10.2.1.jar:/Users/max/IdeaProjects/social/social-frontend/scripts/kafka/bin/../libs/guava-18.0.jar:/Users/max/IdeaProjects/social/social-frontend/scripts/kafka/bin/../libs/hk2-api-2.5.0-b05.jar:/Users/max/IdeaProjects/social/social-frontend/scripts/kafka/bin/../libs/hk2-locator-2.5.0-b05.jar:/Users/max/IdeaProjects/social/social-frontend/scripts/kafka/bin/../libs/hk2-utils-2.5.0-b05.jar:/Users/max/IdeaProjects/social/social-frontend/scripts/kafka/bin/../libs/jackson-annotations-2.8.0.jar:/Users/max/IdeaProjects/social/social-frontend/scripts/kafka/bin/../libs/jackson-annotations-2.8.5.jar:/Users/max/IdeaProjects/social/social-frontend/scripts/kafka/bin/../libs/jackson-core-2.8.5.jar:/Users/max/IdeaProjects/social/social-frontend/scripts/kafka/bin/../libs/jackson-databind-2.8.5.jar:/Users/max/IdeaProjects/social/social-frontend/scripts/kafka/bin/../libs/jackson-jaxrs-base-2.8.5.jar:/Users/max/IdeaProjects/social/social-frontend/scripts/kafka/bin/../libs/jackson-jaxrs-json-provider-2.8.5.jar:/Users/max/IdeaProjects/social/social-frontend/scripts/kafka/bin/../libs/jackson-module-jaxb-annotations-2.8.5.jar:/Users/max/IdeaProjects/social/social-frontend/scripts/kafka/bin/../libs/javassist-3.20.0-GA.jar:/Users/max/IdeaProjects/social/social-frontend/scripts/kafka/bin/../libs/javax.annotation-api-1.2.jar:/Users/max/IdeaProjects/social/social-frontend/scripts/kafka/bin/../libs/javax.inject-1.jar:/Users/max/IdeaProjects/social/social-frontend/scripts/kafka/bin/../libs/javax.inject-2.5.0-b05.jar:/Users/max/IdeaProjects/social/social-frontend/scripts/kafka/bin/../libs/javax.servlet-api-3.1.0.jar:/Users/max/IdeaProjects/social/social-frontend/scripts/kafka/bin/../libs/javax.ws.rs-api-2.0.1.jar:/Users/max/IdeaProjects/social/social-frontend/scripts/kafka/bin/../libs/jersey-client-2.24.jar:/Users/max/IdeaProjects/social/social-frontend/scripts/kafka/bin/../libs/jersey-common-2.24.jar:/Users/max/IdeaProjects/social/social-frontend/scripts/kafka/bin/../libs/jersey-container-servlet-2.24.jar:/Users/max/IdeaProjects/social/social-frontend/scripts/kafka/bin/../libs/jersey-container-servlet-core-2.24.jar:/Users/max/IdeaProjects/social/social-frontend/scripts/kafka/bin/../libs/jersey-guava-2.24.jar:/Users/max/IdeaProjects/social/social-frontend/scripts/kafka/bin/../libs/jersey-media-jaxb-2.24.jar:/Users/max/IdeaProjects/social/social-frontend/scripts/kafka/bin/../libs/jersey-server-2.24.jar:/Users/max/IdeaProjects/social/social-frontend/scripts/kafka/bin/../libs/jetty-continuation-9.2.15.v20160210.jar:/Users/max/IdeaProjects/social/social-frontend/scripts/kafka/bin/../libs/jetty-http-9.2.15.v20160210.jar:/Users/max/IdeaProjects/social/social-frontend/scripts/kafka/bin/../libs/jetty-io-9.2.15.v20160210.jar:/Users/max/IdeaProjects/social/social-frontend/scripts/kafka/bin/../libs/jetty-security-9.2.15.v20160210.jar:/Users/max/IdeaProjects/social/social-frontend/scripts/kafka/bin/../libs/jetty-server-9.2.15.v20160210.jar:/Users/max/IdeaProjects/social/social-frontend/scripts/kafka/bin/../libs/jetty-servlet-9.2.15.v20160210.jar:/Users/max/IdeaProjects/social/social-frontend/scripts/kafka/bin/../libs/jetty-servlets-9.2.15.v20160210.jar:/Users/max/IdeaProjects/social/social-frontend/scripts/kafka/bin/../libs/jetty-util-9.2.15.v20160210.jar:/Users/max/IdeaProjects/social/social-frontend/scripts/kafka/bin/../libs/jopt-simple-5.0.3.jar:/Users/max/IdeaProjects/social/social-frontend/scripts/kafka/bin/../libs/kafka-clients-0.10.2.1.jar:/Users/max/IdeaProjects/social/social-frontend/scripts/kafka/bin/../libs/kafka-log4j-appender-0.10.2.1.jar:/Users/max/IdeaProjects/social/social-frontend/scripts/kafka/bin/../libs/kafka-streams-0.10.2.1.jar:/Users/max/IdeaProjects/social/social-frontend/scripts/kafka/bin/../libs/kafka-streams-examples-0.10.2.1.jar:/Users/max/IdeaProjects/social/social-frontend/scripts/kafka/bin/../libs/kafka-tools-0.10.2.1.jar:/Users/max/IdeaProjects/social/social-frontend/scripts/kafka/bin/../libs/kafka_2.11-0.10.2.1-sources.jar:/Users/max/IdeaProjects/social/social-frontend/scripts/kafka/bin/../libs/kafka_2.11-0.10.2.1-test-sources.jar:/Users/max/IdeaProjects/social/social-frontend/scripts/kafka/bin/../libs/kafka_2.11-0.10.2.1.jar:/Users/max/IdeaProjects/social/social-frontend/scripts/kafka/bin/../libs/log4j-1.2.17.jar:/Users/max/IdeaProjects/social/social-frontend/scripts/kafka/bin/../libs/lz4-1.3.0.jar:/Users/max/IdeaProjects/social/social-frontend/scripts/kafka/bin/../libs/metrics-core-2.2.0.jar:/Users/max/IdeaProjects/social/social-frontend/scripts/kafka/bin/../libs/osgi-resource-locator-1.0.1.jar:/Users/max/IdeaProjects/social/social-frontend/scripts/kafka/bin/../libs/reflections-0.9.10.jar:/Users/max/IdeaProjects/social/social-frontend/scripts/kafka/bin/../libs/rocksdbjni-5.0.1.jar:/Users/max/IdeaProjects/social/social-frontend/scripts/kafka/bin/../libs/scala-library-2.11.8.jar:/Users/max/IdeaProjects/social/social-frontend/scripts/kafka/bin/../libs/scala-parser-combinators_2.11-1.0.4.jar:/Users/max/IdeaProjects/social/social-frontend/scripts/kafka/bin/../libs/slf4j-api-1.7.21.jar:/Users/max/IdeaProjects/social/social-frontend/scripts/kafka/bin/../libs/slf4j-log4j12-1.7.21.jar:/Users/max/IdeaProjects/social/social-frontend/scripts/kafka/bin/../libs/snappy-java-1.1.2.6.jar:/Users/max/IdeaProjects/social/social-frontend/scripts/kafka/bin/../libs/validation-api-1.1.0.Final.jar:/Users/max/IdeaProjects/social/social-frontend/scripts/kafka/bin/../libs/zkclient-0.10.jar:/Users/max/IdeaProjects/social/social-frontend/scripts/kafka/bin/../libs/zookeeper-3.4.9.jar (org.apache.zookeeper.server.ZooKeeperServer)
[2017-07-04 11:43:24,921] INFO Server environment:java.library.path=/Users/max/Library/Java/Extensions:/Library/Java/Extensions:/Network/Library/Java/Extensions:/System/Library/Java/Extensions:/usr/lib/java:. (org.apache.zookeeper.server.ZooKeeperServer)
[2017-07-04 11:43:24,923] INFO Server environment:java.io.tmpdir=/var/folders/mt/h4p9h4294wqgndrwhzy_xzy00000gp/T/ (org.apache.zookeeper.server.ZooKeeperServer)
[2017-07-04 11:43:24,923] INFO Server environment:java.compiler=<NA> (org.apache.zookeeper.server.ZooKeeperServer)
[2017-07-04 11:43:24,923] INFO Server environment:os.name=Mac OS X (org.apache.zookeeper.server.ZooKeeperServer)
[2017-07-04 11:43:24,923] INFO Server environment:os.arch=x86_64 (org.apache.zookeeper.server.ZooKeeperServer)
[2017-07-04 11:43:24,923] INFO Server environment:os.version=10.12.5 (org.apache.zookeeper.server.ZooKeeperServer)
[2017-07-04 11:43:24,923] INFO Server environment:user.name=max (org.apache.zookeeper.server.ZooKeeperServer)
[2017-07-04 11:43:24,923] INFO Server environment:user.home=/Users/max (org.apache.zookeeper.server.ZooKeeperServer)
[2017-07-04 11:43:24,923] INFO Server environment:user.dir=/Users/max/IdeaProjects/social/social-frontend/scripts (org.apache.zookeeper.server.ZooKeeperServer)
[2017-07-04 11:43:25,112] INFO tickTime set to 3000 (org.apache.zookeeper.server.ZooKeeperServer)
[2017-07-04 11:43:25,112] INFO minSessionTimeout set to -1 (org.apache.zookeeper.server.ZooKeeperServer)
[2017-07-04 11:43:25,112] INFO maxSessionTimeout set to -1 (org.apache.zookeeper.server.ZooKeeperServer)
[2017-07-04 11:43:25,240] INFO binding to port 0.0.0.0/0.0.0.0:2181 (org.apache.zookeeper.server.NIOServerCnxnFactory)
[2017-07-04 11:43:28,230] INFO Accepted socket connection from /127.0.0.1:53555 (org.apache.zookeeper.server.NIOServerCnxnFactory)
[2017-07-04 11:43:28,252] INFO Client attempting to establish new session at /127.0.0.1:53555 (org.apache.zookeeper.server.ZooKeeperServer)
[2017-07-04 11:43:28,258] INFO Creating new log file: log.1 (org.apache.zookeeper.server.persistence.FileTxnLog)
[2017-07-04 11:43:28,290] INFO Established session 0x15d0cc4b93f0000 with negotiated timeout 6000 for client /127.0.0.1:53555 (org.apache.zookeeper.server.ZooKeeperServer)
[2017-07-04 11:43:28,372] INFO Got user-level KeeperException when processing sessionid:0x15d0cc4b93f0000 type:create cxid:0x5 zxid:0x3 txntype:-1 reqpath:n/a Error Path:/brokers Error:KeeperErrorCode = NoNode for /brokers (org.apache.zookeeper.server.PrepRequestProcessor)
[2017-07-04 11:43:28,387] INFO Got user-level KeeperException when processing sessionid:0x15d0cc4b93f0000 type:create cxid:0xb zxid:0x7 txntype:-1 reqpath:n/a Error Path:/config Error:KeeperErrorCode = NoNode for /config (org.apache.zookeeper.server.PrepRequestProcessor)
[2017-07-04 11:43:28,399] INFO Got user-level KeeperException when processing sessionid:0x15d0cc4b93f0000 type:create cxid:0x13 zxid:0xc txntype:-1 reqpath:n/a Error Path:/admin Error:KeeperErrorCode = NoNode for /admin (org.apache.zookeeper.server.PrepRequestProcessor)
[2017-07-04 11:43:28,462] INFO Got user-level KeeperException when processing sessionid:0x15d0cc4b93f0000 type:create cxid:0x1b zxid:0x11 txntype:-1 reqpath:n/a Error Path:/cluster Error:KeeperErrorCode = NoNode for /cluster (org.apache.zookeeper.server.PrepRequestProcessor)
[2017-07-04 11:43:29,261] INFO Got user-level KeeperException when processing sessionid:0x15d0cc4b93f0000 type:setData cxid:0x25 zxid:0x15 txntype:-1 reqpath:n/a Error Path:/controller_epoch Error:KeeperErrorCode = NoNode for /controller_epoch (org.apache.zookeeper.server.PrepRequestProcessor)
[2017-07-04 11:43:29,531] INFO Got user-level KeeperException when processing sessionid:0x15d0cc4b93f0000 type:delete cxid:0x36 zxid:0x17 txntype:-1 reqpath:n/a Error Path:/admin/preferred_replica_election Error:KeeperErrorCode = NoNode for /admin/preferred_replica_election (org.apache.zookeeper.server.PrepRequestProcessor)
[2017-07-04 11:43:29,810] INFO Got user-level KeeperException when processing sessionid:0x15d0cc4b93f0000 type:create cxid:0x41 zxid:0x18 txntype:-1 reqpath:n/a Error Path:/brokers Error:KeeperErrorCode = NodeExists for /brokers (org.apache.zookeeper.server.PrepRequestProcessor)
[2017-07-04 11:43:29,810] INFO Got user-level KeeperException when processing sessionid:0x15d0cc4b93f0000 type:create cxid:0x42 zxid:0x19 txntype:-1 reqpath:n/a Error Path:/brokers/ids Error:KeeperErrorCode = NodeExists for /brokers/ids (org.apache.zookeeper.server.PrepRequestProcessor)
[2017-07-04 11:46:05,357] INFO Got user-level KeeperException when processing sessionid:0x15d0cc4b93f0000 type:setData cxid:0x4a zxid:0x1b txntype:-1 reqpath:n/a Error Path:/config/topics/posts Error:KeeperErrorCode = NoNode for /config/topics/posts (org.apache.zookeeper.server.PrepRequestProcessor)
[2017-07-04 11:46:05,360] INFO Got user-level KeeperException when processing sessionid:0x15d0cc4b93f0000 type:create cxid:0x4b zxid:0x1c txntype:-1 reqpath:n/a Error Path:/config/topics Error:KeeperErrorCode = NodeExists for /config/topics (org.apache.zookeeper.server.PrepRequestProcessor)
[2017-07-04 11:46:05,438] INFO Got user-level KeeperException when processing sessionid:0x15d0cc4b93f0000 type:setData cxid:0x56 zxid:0x1f txntype:-1 reqpath:n/a Error Path:/config/topics/__consumer_offsets Error:KeeperErrorCode = NoNode for /config/topics/__consumer_offsets (org.apache.zookeeper.server.PrepRequestProcessor)
[2017-07-04 11:46:05,467] INFO Got user-level KeeperException when processing sessionid:0x15d0cc4b93f0000 type:create cxid:0x58 zxid:0x20 txntype:-1 reqpath:n/a Error Path:/config/topics Error:KeeperErrorCode = NodeExists for /config/topics (org.apache.zookeeper.server.PrepRequestProcessor)
[2017-07-04 11:46:05,512] INFO Got user-level KeeperException when processing sessionid:0x15d0cc4b93f0000 type:create cxid:0x5d zxid:0x23 txntype:-1 reqpath:n/a Error Path:/brokers/topics/posts/partitions/0 Error:KeeperErrorCode = NoNode for /brokers/topics/posts/partitions/0 (org.apache.zookeeper.server.PrepRequestProcessor)
[2017-07-04 11:46:05,513] INFO Got user-level KeeperException when processing sessionid:0x15d0cc4b93f0000 type:create cxid:0x5e zxid:0x24 txntype:-1 reqpath:n/a Error Path:/brokers/topics/posts/partitions Error:KeeperErrorCode = NoNode for /brokers/topics/posts/partitions (org.apache.zookeeper.server.PrepRequestProcessor)
[2017-07-04 11:46:05,764] INFO Got user-level KeeperException when processing sessionid:0x15d0cc4b93f0000 type:create cxid:0xa5 zxid:0x28 txntype:-1 reqpath:n/a Error Path:/brokers/topics/__consumer_offsets/partitions/19 Error:KeeperErrorCode = NoNode for /brokers/topics/__consumer_offsets/partitions/19 (org.apache.zookeeper.server.PrepRequestProcessor)
[2017-07-04 11:46:05,765] INFO Got user-level KeeperException when processing sessionid:0x15d0cc4b93f0000 type:create cxid:0xa7 zxid:0x29 txntype:-1 reqpath:n/a Error Path:/brokers/topics/__consumer_offsets/partitions Error:KeeperErrorCode = NoNode for /brokers/topics/__consumer_offsets/partitions (org.apache.zookeeper.server.PrepRequestProcessor)
[2017-07-04 11:46:05,774] INFO Got user-level KeeperException when processing sessionid:0x15d0cc4b93f0000 type:create cxid:0xab zxid:0x2d txntype:-1 reqpath:n/a Error Path:/brokers/topics/__consumer_offsets/partitions/30 Error:KeeperErrorCode = NoNode for /brokers/topics/__consumer_offsets/partitions/30 (org.apache.zookeeper.server.PrepRequestProcessor)
[2017-07-04 11:46:05,778] INFO Got user-level KeeperException when processing sessionid:0x15d0cc4b93f0000 type:create cxid:0xae zxid:0x30 txntype:-1 reqpath:n/a Error Path:/brokers/topics/__consumer_offsets/partitions/47 Error:KeeperErrorCode = NoNode for /brokers/topics/__consumer_offsets/partitions/47 (org.apache.zookeeper.server.PrepRequestProcessor)
[2017-07-04 11:46:05,786] INFO Got user-level KeeperException when processing sessionid:0x15d0cc4b93f0000 type:create cxid:0xb1 zxid:0x33 txntype:-1 reqpath:n/a Error Path:/brokers/topics/__consumer_offsets/partitions/29 Error:KeeperErrorCode = NoNode for /brokers/topics/__consumer_offsets/partitions/29 (org.apache.zookeeper.server.PrepRequestProcessor)
[2017-07-04 11:46:05,791] INFO Got user-level KeeperException when processing sessionid:0x15d0cc4b93f0000 type:create cxid:0xb4 zxid:0x36 txntype:-1 reqpath:n/a Error Path:/brokers/topics/__consumer_offsets/partitions/41 Error:KeeperErrorCode = NoNode for /brokers/topics/__consumer_offsets/partitions/41 (org.apache.zookeeper.server.PrepRequestProcessor)
[2017-07-04 11:46:05,796] INFO Got user-level KeeperException when processing sessionid:0x15d0cc4b93f0000 type:create cxid:0xb7 zxid:0x39 txntype:-1 reqpath:n/a Error Path:/brokers/topics/__consumer_offsets/partitions/39 Error:KeeperErrorCode = NoNode for /brokers/topics/__consumer_offsets/partitions/39 (org.apache.zookeeper.server.PrepRequestProcessor)
[2017-07-04 11:46:05,802] INFO Got user-level KeeperException when processing sessionid:0x15d0cc4b93f0000 type:create cxid:0xba zxid:0x3c txntype:-1 reqpath:n/a Error Path:/brokers/topics/__consumer_offsets/partitions/10 Error:KeeperErrorCode = NoNode for /brokers/topics/__consumer_offsets/partitions/10 (org.apache.zookeeper.server.PrepRequestProcessor)
[2017-07-04 11:46:05,807] INFO Got user-level KeeperException when processing sessionid:0x15d0cc4b93f0000 type:create cxid:0xbd zxid:0x3f txntype:-1 reqpath:n/a Error Path:/brokers/topics/__consumer_offsets/partitions/17 Error:KeeperErrorCode = NoNode for /brokers/topics/__consumer_offsets/partitions/17 (org.apache.zookeeper.server.PrepRequestProcessor)
[2017-07-04 11:46:05,812] INFO Got user-level KeeperException when processing sessionid:0x15d0cc4b93f0000 type:create cxid:0xc0 zxid:0x42 txntype:-1 reqpath:n/a Error Path:/brokers/topics/__consumer_offsets/partitions/14 Error:KeeperErrorCode = NoNode for /brokers/topics/__consumer_offsets/partitions/14 (org.apache.zookeeper.server.PrepRequestProcessor)
[2017-07-04 11:46:05,838] INFO Got user-level KeeperException when processing sessionid:0x15d0cc4b93f0000 type:create cxid:0xc3 zxid:0x45 txntype:-1 reqpath:n/a Error Path:/brokers/topics/__consumer_offsets/partitions/40 Error:KeeperErrorCode = NoNode for /brokers/topics/__consumer_offsets/partitions/40 (org.apache.zookeeper.server.PrepRequestProcessor)
[2017-07-04 11:46:05,858] INFO Got user-level KeeperException when processing sessionid:0x15d0cc4b93f0000 type:create cxid:0xc6 zxid:0x48 txntype:-1 reqpath:n/a Error Path:/brokers/topics/__consumer_offsets/partitions/18 Error:KeeperErrorCode = NoNode for /brokers/topics/__consumer_offsets/partitions/18 (org.apache.zookeeper.server.PrepRequestProcessor)
[2017-07-04 11:46:05,866] INFO Got user-level KeeperException when processing sessionid:0x15d0cc4b93f0000 type:create cxid:0xcb zxid:0x4b txntype:-1 reqpath:n/a Error Path:/brokers/topics/__consumer_offsets/partitions/26 Error:KeeperErrorCode = NoNode for /brokers/topics/__consumer_offsets/partitions/26 (org.apache.zookeeper.server.PrepRequestProcessor)
[2017-07-04 11:46:05,873] INFO Got user-level KeeperException when processing sessionid:0x15d0cc4b93f0000 type:create cxid:0xcf zxid:0x4e txntype:-1 reqpath:n/a Error Path:/brokers/topics/__consumer_offsets/partitions/0 Error:KeeperErrorCode = NoNode for /brokers/topics/__consumer_offsets/partitions/0 (org.apache.zookeeper.server.PrepRequestProcessor)
[2017-07-04 11:46:05,881] INFO Got user-level KeeperException when processing sessionid:0x15d0cc4b93f0000 type:create cxid:0xd2 zxid:0x51 txntype:-1 reqpath:n/a Error Path:/brokers/topics/__consumer_offsets/partitions/24 Error:KeeperErrorCode = NoNode for /brokers/topics/__consumer_offsets/partitions/24 (org.apache.zookeeper.server.PrepRequestProcessor)
[2017-07-04 11:46:05,888] INFO Got user-level KeeperException when processing sessionid:0x15d0cc4b93f0000 type:create cxid:0xd5 zxid:0x54 txntype:-1 reqpath:n/a Error Path:/brokers/topics/__consumer_offsets/partitions/33 Error:KeeperErrorCode = NoNode for /brokers/topics/__consumer_offsets/partitions/33 (org.apache.zookeeper.server.PrepRequestProcessor)
[2017-07-04 11:46:05,892] INFO Got user-level KeeperException when processing sessionid:0x15d0cc4b93f0000 type:create cxid:0xd8 zxid:0x57 txntype:-1 reqpath:n/a Error Path:/brokers/topics/__consumer_offsets/partitions/20 Error:KeeperErrorCode = NoNode for /brokers/topics/__consumer_offsets/partitions/20 (org.apache.zookeeper.server.PrepRequestProcessor)
[2017-07-04 11:46:05,898] INFO Got user-level KeeperException when processing sessionid:0x15d0cc4b93f0000 type:create cxid:0xdb zxid:0x5a txntype:-1 reqpath:n/a Error Path:/brokers/topics/__consumer_offsets/partitions/21 Error:KeeperErrorCode = NoNode for /brokers/topics/__consumer_offsets/partitions/21 (org.apache.zookeeper.server.PrepRequestProcessor)
[2017-07-04 11:46:05,909] INFO Got user-level KeeperException when processing sessionid:0x15d0cc4b93f0000 type:create cxid:0xde zxid:0x5d txntype:-1 reqpath:n/a Error Path:/brokers/topics/__consumer_offsets/partitions/3 Error:KeeperErrorCode = NoNode for /brokers/topics/__consumer_offsets/partitions/3 (org.apache.zookeeper.server.PrepRequestProcessor)
[2017-07-04 11:46:05,927] INFO Got user-level KeeperException when processing sessionid:0x15d0cc4b93f0000 type:create cxid:0xe1 zxid:0x60 txntype:-1 reqpath:n/a Error Path:/brokers/topics/__consumer_offsets/partitions/5 Error:KeeperErrorCode = NoNode for /brokers/topics/__consumer_offsets/partitions/5 (org.apache.zookeeper.server.PrepRequestProcessor)
[2017-07-04 11:46:05,939] INFO Got user-level KeeperException when processing sessionid:0x15d0cc4b93f0000 type:create cxid:0xe4 zxid:0x63 txntype:-1 reqpath:n/a Error Path:/brokers/topics/__consumer_offsets/partitions/22 Error:KeeperErrorCode = NoNode for /brokers/topics/__consumer_offsets/partitions/22 (org.apache.zookeeper.server.PrepRequestProcessor)
[2017-07-04 11:46:05,945] INFO Got user-level KeeperException when processing sessionid:0x15d0cc4b93f0000 type:create cxid:0xe7 zxid:0x66 txntype:-1 reqpath:n/a Error Path:/brokers/topics/__consumer_offsets/partitions/12 Error:KeeperErrorCode = NoNode for /brokers/topics/__consumer_offsets/partitions/12 (org.apache.zookeeper.server.PrepRequestProcessor)
[2017-07-04 11:46:05,955] INFO Got user-level KeeperException when processing sessionid:0x15d0cc4b93f0000 type:create cxid:0xea zxid:0x69 txntype:-1 reqpath:n/a Error Path:/brokers/topics/__consumer_offsets/partitions/8 Error:KeeperErrorCode = NoNode for /brokers/topics/__consumer_offsets/partitions/8 (org.apache.zookeeper.server.PrepRequestProcessor)
[2017-07-04 11:46:05,963] INFO Got user-level KeeperException when processing sessionid:0x15d0cc4b93f0000 type:create cxid:0xed zxid:0x6c txntype:-1 reqpath:n/a Error Path:/brokers/topics/__consumer_offsets/partitions/23 Error:KeeperErrorCode = NoNode for /brokers/topics/__consumer_offsets/partitions/23 (org.apache.zookeeper.server.PrepRequestProcessor)
[2017-07-04 11:46:05,971] INFO Got user-level KeeperException when processing sessionid:0x15d0cc4b93f0000 type:create cxid:0xf2 zxid:0x6f txntype:-1 reqpath:n/a Error Path:/brokers/topics/__consumer_offsets/partitions/15 Error:KeeperErrorCode = NoNode for /brokers/topics/__consumer_offsets/partitions/15 (org.apache.zookeeper.server.PrepRequestProcessor)
[2017-07-04 11:46:05,980] INFO Got user-level KeeperException when processing sessionid:0x15d0cc4b93f0000 type:create cxid:0xf5 zxid:0x72 txntype:-1 reqpath:n/a Error Path:/brokers/topics/__consumer_offsets/partitions/48 Error:KeeperErrorCode = NoNode for /brokers/topics/__consumer_offsets/partitions/48 (org.apache.zookeeper.server.PrepRequestProcessor)
[2017-07-04 11:46:05,995] INFO Got user-level KeeperException when processing sessionid:0x15d0cc4b93f0000 type:create cxid:0xf8 zxid:0x75 txntype:-1 reqpath:n/a Error Path:/brokers/topics/__consumer_offsets/partitions/11 Error:KeeperErrorCode = NoNode for /brokers/topics/__consumer_offsets/partitions/11 (org.apache.zookeeper.server.PrepRequestProcessor)
[2017-07-04 11:46:06,000] INFO Got user-level KeeperException when processing sessionid:0x15d0cc4b93f0000 type:create cxid:0xfc zxid:0x78 txntype:-1 reqpath:n/a Error Path:/brokers/topics/__consumer_offsets/partitions/13 Error:KeeperErrorCode = NoNode for /brokers/topics/__consumer_offsets/partitions/13 (org.apache.zookeeper.server.PrepRequestProcessor)
[2017-07-04 11:46:06,013] INFO Got user-level KeeperException when processing sessionid:0x15d0cc4b93f0000 type:create cxid:0xff zxid:0x7b txntype:-1 reqpath:n/a Error Path:/brokers/topics/__consumer_offsets/partitions/49 Error:KeeperErrorCode = NoNode for /brokers/topics/__consumer_offsets/partitions/49 (org.apache.zookeeper.server.PrepRequestProcessor)
[2017-07-04 11:46:06,023] INFO Got user-level KeeperException when processing sessionid:0x15d0cc4b93f0000 type:create cxid:0x102 zxid:0x7e txntype:-1 reqpath:n/a Error Path:/brokers/topics/__consumer_offsets/partitions/6 Error:KeeperErrorCode = NoNode for /brokers/topics/__consumer_offsets/partitions/6 (org.apache.zookeeper.server.PrepRequestProcessor)
[2017-07-04 11:46:06,029] INFO Got user-level KeeperException when processing sessionid:0x15d0cc4b93f0000 type:create cxid:0x105 zxid:0x81 txntype:-1 reqpath:n/a Error Path:/brokers/topics/__consumer_offsets/partitions/28 Error:KeeperErrorCode = NoNode for /brokers/topics/__consumer_offsets/partitions/28 (org.apache.zookeeper.server.PrepRequestProcessor)
[2017-07-04 11:46:06,040] INFO Got user-level KeeperException when processing sessionid:0x15d0cc4b93f0000 type:create cxid:0x108 zxid:0x84 txntype:-1 reqpath:n/a Error Path:/brokers/topics/__consumer_offsets/partitions/4 Error:KeeperErrorCode = NoNode for /brokers/topics/__consumer_offsets/partitions/4 (org.apache.zookeeper.server.PrepRequestProcessor)
[2017-07-04 11:46:06,047] INFO Got user-level KeeperException when processing sessionid:0x15d0cc4b93f0000 type:create cxid:0x10b zxid:0x87 txntype:-1 reqpath:n/a Error Path:/brokers/topics/__consumer_offsets/partitions/37 Error:KeeperErrorCode = NoNode for /brokers/topics/__consumer_offsets/partitions/37 (org.apache.zookeeper.server.PrepRequestProcessor)
[2017-07-04 11:46:06,053] INFO Got user-level KeeperException when processing sessionid:0x15d0cc4b93f0000 type:create cxid:0x10e zxid:0x8a txntype:-1 reqpath:n/a Error Path:/brokers/topics/__consumer_offsets/partitions/31 Error:KeeperErrorCode = NoNode for /brokers/topics/__consumer_offsets/partitions/31 (org.apache.zookeeper.server.PrepRequestProcessor)
[2017-07-04 11:46:06,060] INFO Got user-level KeeperException when processing sessionid:0x15d0cc4b93f0000 type:create cxid:0x111 zxid:0x8d txntype:-1 reqpath:n/a Error Path:/brokers/topics/__consumer_offsets/partitions/44 Error:KeeperErrorCode = NoNode for /brokers/topics/__consumer_offsets/partitions/44 (org.apache.zookeeper.server.PrepRequestProcessor)
[2017-07-04 11:46:06,064] INFO Got user-level KeeperException when processing sessionid:0x15d0cc4b93f0000 type:create cxid:0x114 zxid:0x90 txntype:-1 reqpath:n/a Error Path:/brokers/topics/__consumer_offsets/partitions/42 Error:KeeperErrorCode = NoNode for /brokers/topics/__consumer_offsets/partitions/42 (org.apache.zookeeper.server.PrepRequestProcessor)
[2017-07-04 11:46:06,076] INFO Got user-level KeeperException when processing sessionid:0x15d0cc4b93f0000 type:create cxid:0x119 zxid:0x93 txntype:-1 reqpath:n/a Error Path:/brokers/topics/__consumer_offsets/partitions/34 Error:KeeperErrorCode = NoNode for /brokers/topics/__consumer_offsets/partitions/34 (org.apache.zookeeper.server.PrepRequestProcessor)
[2017-07-04 11:46:06,082] INFO Got user-level KeeperException when processing sessionid:0x15d0cc4b93f0000 type:create cxid:0x11c zxid:0x96 txntype:-1 reqpath:n/a Error Path:/brokers/topics/__consumer_offsets/partitions/46 Error:KeeperErrorCode = NoNode for /brokers/topics/__consumer_offsets/partitions/46 (org.apache.zookeeper.server.PrepRequestProcessor)
[2017-07-04 11:46:06,091] INFO Got user-level KeeperException when processing sessionid:0x15d0cc4b93f0000 type:create cxid:0x120 zxid:0x99 txntype:-1 reqpath:n/a Error Path:/brokers/topics/__consumer_offsets/partitions/25 Error:KeeperErrorCode = NoNode for /brokers/topics/__consumer_offsets/partitions/25 (org.apache.zookeeper.server.PrepRequestProcessor)
[2017-07-04 11:46:06,096] INFO Got user-level KeeperException when processing sessionid:0x15d0cc4b93f0000 type:create cxid:0x123 zxid:0x9c txntype:-1 reqpath:n/a Error Path:/brokers/topics/__consumer_offsets/partitions/45 Error:KeeperErrorCode = NoNode for /brokers/topics/__consumer_offsets/partitions/45 (org.apache.zookeeper.server.PrepRequestProcessor)
[2017-07-04 11:46:06,105] INFO Got user-level KeeperException when processing sessionid:0x15d0cc4b93f0000 type:create cxid:0x126 zxid:0x9f txntype:-1 reqpath:n/a Error Path:/brokers/topics/__consumer_offsets/partitions/27 Error:KeeperErrorCode = NoNode for /brokers/topics/__consumer_offsets/partitions/27 (org.apache.zookeeper.server.PrepRequestProcessor)
[2017-07-04 11:46:06,109] INFO Got user-level KeeperException when processing sessionid:0x15d0cc4b93f0000 type:create cxid:0x129 zxid:0xa2 txntype:-1 reqpath:n/a Error Path:/brokers/topics/__consumer_offsets/partitions/32 Error:KeeperErrorCode = NoNode for /brokers/topics/__consumer_offsets/partitions/32 (org.apache.zookeeper.server.PrepRequestProcessor)
[2017-07-04 11:46:06,113] INFO Got user-level KeeperException when processing sessionid:0x15d0cc4b93f0000 type:create cxid:0x12c zxid:0xa5 txntype:-1 reqpath:n/a Error Path:/brokers/topics/__consumer_offsets/partitions/43 Error:KeeperErrorCode = NoNode for /brokers/topics/__consumer_offsets/partitions/43 (org.apache.zookeeper.server.PrepRequestProcessor)
[2017-07-04 11:46:06,119] INFO Got user-level KeeperException when processing sessionid:0x15d0cc4b93f0000 type:create cxid:0x12f zxid:0xa8 txntype:-1 reqpath:n/a Error Path:/brokers/topics/__consumer_offsets/partitions/36 Error:KeeperErrorCode = NoNode for /brokers/topics/__consumer_offsets/partitions/36 (org.apache.zookeeper.server.PrepRequestProcessor)
[2017-07-04 11:46:06,125] INFO Got user-level KeeperException when processing sessionid:0x15d0cc4b93f0000 type:create cxid:0x132 zxid:0xab txntype:-1 reqpath:n/a Error Path:/brokers/topics/__consumer_offsets/partitions/35 Error:KeeperErrorCode = NoNode for /brokers/topics/__consumer_offsets/partitions/35 (org.apache.zookeeper.server.PrepRequestProcessor)
[2017-07-04 11:46:06,131] INFO Got user-level KeeperException when processing sessionid:0x15d0cc4b93f0000 type:create cxid:0x135 zxid:0xae txntype:-1 reqpath:n/a Error Path:/brokers/topics/__consumer_offsets/partitions/7 Error:KeeperErrorCode = NoNode for /brokers/topics/__consumer_offsets/partitions/7 (org.apache.zookeeper.server.PrepRequestProcessor)
[2017-07-04 11:46:06,140] INFO Got user-level KeeperException when processing sessionid:0x15d0cc4b93f0000 type:create cxid:0x138 zxid:0xb1 txntype:-1 reqpath:n/a Error Path:/brokers/topics/__consumer_offsets/partitions/9 Error:KeeperErrorCode = NoNode for /brokers/topics/__consumer_offsets/partitions/9 (org.apache.zookeeper.server.PrepRequestProcessor)
[2017-07-04 11:46:06,144] INFO Got user-level KeeperException when processing sessionid:0x15d0cc4b93f0000 type:create cxid:0x13b zxid:0xb4 txntype:-1 reqpath:n/a Error Path:/brokers/topics/__consumer_offsets/partitions/38 Error:KeeperErrorCode = NoNode for /brokers/topics/__consumer_offsets/partitions/38 (org.apache.zookeeper.server.PrepRequestProcessor)
[2017-07-04 11:46:06,147] INFO Got user-level KeeperException when processing sessionid:0x15d0cc4b93f0000 type:create cxid:0x13e zxid:0xb7 txntype:-1 reqpath:n/a Error Path:/brokers/topics/__consumer_offsets/partitions/1 Error:KeeperErrorCode = NoNode for /brokers/topics/__consumer_offsets/partitions/1 (org.apache.zookeeper.server.PrepRequestProcessor)
[2017-07-04 11:46:06,155] INFO Got user-level KeeperException when processing sessionid:0x15d0cc4b93f0000 type:create cxid:0x141 zxid:0xba txntype:-1 reqpath:n/a Error Path:/brokers/topics/__consumer_offsets/partitions/16 Error:KeeperErrorCode = NoNode for /brokers/topics/__consumer_offsets/partitions/16 (org.apache.zookeeper.server.PrepRequestProcessor)
[2017-07-04 11:46:06,159] INFO Got user-level KeeperException when processing sessionid:0x15d0cc4b93f0000 type:create cxid:0x144 zxid:0xbd txntype:-1 reqpath:n/a Error Path:/brokers/topics/__consumer_offsets/partitions/2 Error:KeeperErrorCode = NoNode for /brokers/topics/__consumer_offsets/partitions/2 (org.apache.zookeeper.server.PrepRequestProcessor)
[2017-07-04 12:25:52,584] WARN caught end of stream exception (org.apache.zookeeper.server.NIOServerCnxn)
EndOfStreamException: Unable to read additional data from client sessionid 0x15d0cc4b93f0000, likely client has closed socket
	at org.apache.zookeeper.server.NIOServerCnxn.doIO(NIOServerCnxn.java:228)
	at org.apache.zookeeper.server.NIOServerCnxnFactory.run(NIOServerCnxnFactory.java:203)
	at java.lang.Thread.run(Thread.java:745)
[2017-07-04 12:25:52,590] INFO Closed socket connection for client /127.0.0.1:53555 which had sessionid 0x15d0cc4b93f0000 (org.apache.zookeeper.server.NIOServerCnxn)
[2017-07-04 12:25:53,354] INFO Expiring session 0x15d0cc4b93f0000, timeout of 6000ms exceeded (org.apache.zookeeper.server.ZooKeeperServer)
[2017-07-04 12:25:53,354] INFO Processed session termination for sessionid: 0x15d0cc4b93f0000 (org.apache.zookeeper.server.PrepRequestProcessor)
[2017-07-04 12:25:57,982] INFO Accepted socket connection from /fe80:0:0:0:0:0:0:1%1:54520 (org.apache.zookeeper.server.NIOServerCnxnFactory)
[2017-07-04 12:25:57,993] INFO Client attempting to renew session 0x15d0cc4b93f0000 at /fe80:0:0:0:0:0:0:1%1:54520 (org.apache.zookeeper.server.ZooKeeperServer)
[2017-07-04 12:25:57,993] INFO Invalid session 0x15d0cc4b93f0000 for client /fe80:0:0:0:0:0:0:1%1:54520, probably expired (org.apache.zookeeper.server.ZooKeeperServer)
[2017-07-04 12:25:57,995] INFO Closed socket connection for client /fe80:0:0:0:0:0:0:1%1:54520 which had sessionid 0x15d0cc4b93f0000 (org.apache.zookeeper.server.NIOServerCnxn)
[2017-07-04 12:25:57,997] INFO Accepted socket connection from /0:0:0:0:0:0:0:1:54521 (org.apache.zookeeper.server.NIOServerCnxnFactory)
[2017-07-04 12:25:57,997] INFO Client attempting to establish new session at /0:0:0:0:0:0:0:1:54521 (org.apache.zookeeper.server.ZooKeeperServer)
[2017-07-04 12:25:57,999] INFO Established session 0x15d0cc4b93f0001 with negotiated timeout 6000 for client /0:0:0:0:0:0:0:1:54521 (org.apache.zookeeper.server.ZooKeeperServer)
[2017-07-04 12:25:59,183] INFO Got user-level KeeperException when processing sessionid:0x15d0cc4b93f0001 type:delete cxid:0xb3 zxid:0xc4 txntype:-1 reqpath:n/a Error Path:/admin/preferred_replica_election Error:KeeperErrorCode = NoNode for /admin/preferred_replica_election (org.apache.zookeeper.server.PrepRequestProcessor)
[2017-07-04 12:25:59,204] INFO Got user-level KeeperException when processing sessionid:0x15d0cc4b93f0001 type:create cxid:0xb5 zxid:0xc5 txntype:-1 reqpath:n/a Error Path:/brokers Error:KeeperErrorCode = NodeExists for /brokers (org.apache.zookeeper.server.PrepRequestProcessor)
[2017-07-04 12:25:59,204] INFO Got user-level KeeperException when processing sessionid:0x15d0cc4b93f0001 type:create cxid:0xb6 zxid:0xc6 txntype:-1 reqpath:n/a Error Path:/brokers/ids Error:KeeperErrorCode = NodeExists for /brokers/ids (org.apache.zookeeper.server.PrepRequestProcessor)
[2017-07-04 15:39:57,009] INFO Expiring session 0x15d0cc4b93f0001, timeout of 6000ms exceeded (org.apache.zookeeper.server.ZooKeeperServer)
[2017-07-04 15:39:57,568] WARN caught end of stream exception (org.apache.zookeeper.server.NIOServerCnxn)
EndOfStreamException: Unable to read additional data from client sessionid 0x15d0cc4b93f0001, likely client has closed socket
	at org.apache.zookeeper.server.NIOServerCnxn.doIO(NIOServerCnxn.java:228)
	at org.apache.zookeeper.server.NIOServerCnxnFactory.run(NIOServerCnxnFactory.java:203)
	at java.lang.Thread.run(Thread.java:745)
[2017-07-04 15:39:57,568] INFO Processed session termination for sessionid: 0x15d0cc4b93f0001 (org.apache.zookeeper.server.PrepRequestProcessor)
[2017-07-04 15:39:57,579] INFO Closed socket connection for client /0:0:0:0:0:0:0:1:54521 which had sessionid 0x15d0cc4b93f0001 (org.apache.zookeeper.server.NIOServerCnxn)
[2017-07-04 15:39:57,810] INFO Accepted socket connection from /127.0.0.1:56442 (org.apache.zookeeper.server.NIOServerCnxnFactory)
[2017-07-04 15:39:57,811] INFO Client attempting to renew session 0x15d0cc4b93f0001 at /127.0.0.1:56442 (org.apache.zookeeper.server.ZooKeeperServer)
[2017-07-04 15:39:57,811] INFO Invalid session 0x15d0cc4b93f0001 for client /127.0.0.1:56442, probably expired (org.apache.zookeeper.server.ZooKeeperServer)
[2017-07-04 15:39:57,811] INFO Closed socket connection for client /127.0.0.1:56442 which had sessionid 0x15d0cc4b93f0001 (org.apache.zookeeper.server.NIOServerCnxn)
[2017-07-04 18:30:52,707] INFO Accepted socket connection from /fe80:0:0:0:0:0:0:1%1:56449 (org.apache.zookeeper.server.NIOServerCnxnFactory)
[2017-07-04 18:30:52,759] INFO Client attempting to establish new session at /fe80:0:0:0:0:0:0:1%1:56449 (org.apache.zookeeper.server.ZooKeeperServer)
[2017-07-04 18:30:52,877] INFO Established session 0x15d0cc4b93f0002 with negotiated timeout 6000 for client /fe80:0:0:0:0:0:0:1%1:56449 (org.apache.zookeeper.server.ZooKeeperServer)
[2017-07-04 18:30:54,343] INFO Got user-level KeeperException when processing sessionid:0x15d0cc4b93f0002 type:delete cxid:0xb3 zxid:0xff txntype:-1 reqpath:n/a Error Path:/admin/preferred_replica_election Error:KeeperErrorCode = NoNode for /admin/preferred_replica_election (org.apache.zookeeper.server.PrepRequestProcessor)
[2017-07-04 18:30:54,407] INFO Got user-level KeeperException when processing sessionid:0x15d0cc4b93f0002 type:create cxid:0xb5 zxid:0x100 txntype:-1 reqpath:n/a Error Path:/brokers Error:KeeperErrorCode = NodeExists for /brokers (org.apache.zookeeper.server.PrepRequestProcessor)
[2017-07-04 18:30:54,407] INFO Got user-level KeeperException when processing sessionid:0x15d0cc4b93f0002 type:create cxid:0xb6 zxid:0x101 txntype:-1 reqpath:n/a Error Path:/brokers/ids Error:KeeperErrorCode = NodeExists for /brokers/ids (org.apache.zookeeper.server.PrepRequestProcessor)
[2017-07-04 19:02:07,153] INFO Accepted socket connection from /0:0:0:0:0:0:0:1:58049 (org.apache.zookeeper.server.NIOServerCnxnFactory)
[2017-07-04 19:02:07,171] WARN Connection request from old client /0:0:0:0:0:0:0:1:58049; will be dropped if server is in r-o mode (org.apache.zookeeper.server.ZooKeeperServer)
[2017-07-04 19:02:07,172] INFO Client attempting to establish new session at /0:0:0:0:0:0:0:1:58049 (org.apache.zookeeper.server.ZooKeeperServer)
[2017-07-04 19:02:07,185] INFO Established session 0x15d0cc4b93f0003 with negotiated timeout 30000 for client /0:0:0:0:0:0:0:1:58049 (org.apache.zookeeper.server.ZooKeeperServer)
[2017-07-04 19:02:07,352] INFO Processed session termination for sessionid: 0x15d0cc4b93f0003 (org.apache.zookeeper.server.PrepRequestProcessor)
[2017-07-04 19:02:07,354] INFO Closed socket connection for client /0:0:0:0:0:0:0:1:58049 which had sessionid 0x15d0cc4b93f0003 (org.apache.zookeeper.server.NIOServerCnxn)
